e:\software engineering\vs_2017\blackjack\release\blackjack.ipdb
e:\software engineering\vs_2017\blackjack\release\blackjack.iobj
e:\software engineering\vs_2017\blackjack\blackjack\release\blackjack.pch
e:\software engineering\vs_2017\blackjack\blackjack\release\vc141.pdb
e:\software engineering\vs_2017\blackjack\blackjack\release\stdafx.obj
e:\software engineering\vs_2017\blackjack\blackjack\release\printer.obj
e:\software engineering\vs_2017\blackjack\blackjack\release\player.obj
e:\software engineering\vs_2017\blackjack\blackjack\release\person.obj
e:\software engineering\vs_2017\blackjack\blackjack\release\judger.obj
e:\software engineering\vs_2017\blackjack\blackjack\release\hand.obj
e:\software engineering\vs_2017\blackjack\blackjack\release\deck.obj
e:\software engineering\vs_2017\blackjack\blackjack\release\dealer.obj
e:\software engineering\vs_2017\blackjack\blackjack\release\card.obj
e:\software engineering\vs_2017\blackjack\blackjack\release\blackjackgame.obj
e:\software engineering\vs_2017\blackjack\blackjack\release\blackjack.obj
e:\software engineering\vs_2017\blackjack\blackjack\release\bet.obj
e:\software engineering\vs_2017\blackjack\release\blackjack.exe
e:\software engineering\vs_2017\blackjack\release\blackjack.pdb
e:\software engineering\vs_2017\blackjack\blackjack\release\blackjack.tlog\blackjack.write.1u.tlog
e:\software engineering\vs_2017\blackjack\blackjack\release\blackjack.tlog\cl.command.1.tlog
e:\software engineering\vs_2017\blackjack\blackjack\release\blackjack.tlog\cl.read.1.tlog
e:\software engineering\vs_2017\blackjack\blackjack\release\blackjack.tlog\cl.write.1.tlog
e:\software engineering\vs_2017\blackjack\blackjack\release\blackjack.tlog\link.command.1.tlog
e:\software engineering\vs_2017\blackjack\blackjack\release\blackjack.tlog\link.read.1.tlog
e:\software engineering\vs_2017\blackjack\blackjack\release\blackjack.tlog\link.write.1.tlog
